<?xml version="1.0" encoding="UTF-8"?>
<!-- Generated by org.testng.reporters.JUnitReportReporter -->
<testsuite hostname="LAPTOP-076B1A2F" failures="0" tests="1" name="testcases.HomePageTest" time="29.451" errors="0" timestamp="2 Nov 2020 20:33:13 GMT">
  <testcase classname="testcases.HomePageTest" name="HomeTest" time="29.451"/>
</testsuite> <!-- testcases.HomePageTest -->
