<?xml version="1.0" encoding="UTF-8"?>
<!-- Generated by org.testng.reporters.JUnitReportReporter -->
<testsuite hostname="LAPTOP-076B1A2F" failures="0" tests="1" name="testcases.ValidateCourseTest" time="3.982" errors="0" timestamp="2 Nov 2020 20:33:13 GMT">
  <testcase classname="testcases.ValidateCourseTest" name="validateCourse" time="3.982"/>
</testsuite> <!-- testcases.ValidateCourseTest -->
