<?xml version="1.0" encoding="UTF-8"?>
<!-- Generated by org.testng.reporters.JUnitReportReporter -->
<testsuite hostname="LAPTOP-076B1A2F" failures="0" tests="1" name="testcases.HomePageTest" time="27.839" errors="0" timestamp="1 Nov 2020 11:00:48 GMT">
  <testcase classname="testcases.HomePageTest" name="HomeTest" time="27.839"/>
</testsuite> <!-- testcases.HomePageTest -->
