<?xml version="1.0" encoding="UTF-8"?>
<!-- Generated by org.testng.reporters.JUnitReportReporter -->
<testsuite hostname="LAPTOP-076B1A2F" failures="0" tests="1" name="testcases.ValidateCourseTest" time="4.137" errors="0" timestamp="2 Nov 2020 11:21:05 GMT">
  <testcase classname="testcases.ValidateCourseTest" name="validateCourse" time="4.137"/>
</testsuite> <!-- testcases.ValidateCourseTest -->
