<?xml version="1.0" encoding="UTF-8"?>
<!-- Generated by org.testng.reporters.JUnitReportReporter -->
<testsuite hostname="LAPTOP-076B1A2F" name="testcases.ValidateCourseTest" tests="1" failures="0" timestamp="17 Oct 2020 19:22:06 GMT" time="11.220" errors="0">
  <testcase name="validateCourse" time="11.220" classname="testcases.ValidateCourseTest"/>
</testsuite> <!-- testcases.ValidateCourseTest -->
